<?xml version="1.0" encoding="UTF-8"?>
<testng-results skipped="0" failed="0" total="2" passed="2">
  <reporter-output>
  </reporter-output>
  <suite name="Default suite" duration-ms="142429" started-at="2017-10-22T12:41:37Z" finished-at="2017-10-22T12:43:59Z">
    <groups>
    </groups>
    <test name="Default test" duration-ms="142429" started-at="2017-10-22T12:41:37Z" finished-at="2017-10-22T12:43:59Z">
      <class name="testngnewtours.NewTest">
        <test-method status="PASS" signature="beforeTest()[pri:0, instance:testngnewtours.NewTest@2f8f11]" name="beforeTest" is-config="true" duration-ms="72680" started-at="2017-10-22T18:11:37Z" finished-at="2017-10-22T18:12:49Z">
          <reporter-output>
          </reporter-output>
        </test-method> <!-- beforeTest -->
        <test-method status="PASS" signature="Login(java.lang.String, java.lang.String)[pri:0, instance:testngnewtours.NewTest@2f8f11]" name="Login" duration-ms="41855" started-at="2017-10-22T18:12:49Z" data-provider="dp" finished-at="2017-10-22T18:13:31Z">
          <params>
            <param index="0">
              <value>
                <![CDATA[123]]>
              </value>
            </param>
            <param index="1">
              <value>
                <![CDATA[123]]>
              </value>
            </param>
          </params>
          <reporter-output>
          </reporter-output>
        </test-method> <!-- Login -->
        <test-method status="PASS" signature="Login(java.lang.String, java.lang.String)[pri:0, instance:testngnewtours.NewTest@2f8f11]" name="Login" duration-ms="27811" started-at="2017-10-22T18:13:31Z" data-provider="dp" finished-at="2017-10-22T18:13:59Z">
          <params>
            <param index="0">
              <value>
                <![CDATA[d]]>
              </value>
            </param>
            <param index="1">
              <value>
                <![CDATA[RAJAN@1]]>
              </value>
            </param>
          </params>
          <reporter-output>
          </reporter-output>
        </test-method> <!-- Login -->
        <test-method status="PASS" signature="afterTest()[pri:0, instance:testngnewtours.NewTest@2f8f11]" name="afterTest" is-config="true" duration-ms="16" started-at="2017-10-22T18:13:59Z" finished-at="2017-10-22T18:13:59Z">
          <reporter-output>
          </reporter-output>
        </test-method> <!-- afterTest -->
      </class> <!-- testngnewtours.NewTest -->
    </test> <!-- Default test -->
  </suite> <!-- Default suite -->
</testng-results>
