<?xml version="1.0" encoding="UTF-8"?>
<testng-results skipped="0" failed="0" ignored="0" total="1" passed="1">
  <reporter-output>
  </reporter-output>
  <suite name="Default suite" duration-ms="9632" started-at="2017-12-10T08:46:44Z" finished-at="2017-12-10T08:46:53Z">
    <groups>
    </groups>
    <test name="Default test" duration-ms="9632" started-at="2017-12-10T08:46:44Z" finished-at="2017-12-10T08:46:53Z">
      <class name="firstTestNG.firstTestNG">
        <test-method status="PASS" signature="verify()[pri:0, instance:firstTestNG.firstTestNG@15d3402]" name="verify" duration-ms="9558" started-at="2017-12-10T14:16:44Z" finished-at="2017-12-10T14:16:53Z">
          <reporter-output>
          </reporter-output>
        </test-method> <!-- verify -->
      </class> <!-- firstTestNG.firstTestNG -->
    </test> <!-- Default test -->
  </suite> <!-- Default suite -->
</testng-results>
