<?xml version="1.0" encoding="UTF-8"?>
<testng-results skipped="0" failed="0" total="1" passed="1">
  <reporter-output>
  </reporter-output>
  <suite name="Default suite" duration-ms="120808" started-at="2017-12-10T09:05:51Z" finished-at="2017-12-10T09:07:52Z">
    <groups>
    </groups>
    <test name="Default test" duration-ms="120808" started-at="2017-12-10T09:05:51Z" finished-at="2017-12-10T09:07:52Z">
      <class name="try1.NewTest">
        <test-method status="PASS" signature="f()[pri:0, instance:try1.NewTest@19f379]" name="f" duration-ms="120765" started-at="2017-12-10T14:35:51Z" finished-at="2017-12-10T14:37:52Z">
          <reporter-output>
          </reporter-output>
        </test-method> <!-- f -->
      </class> <!-- try1.NewTest -->
    </test> <!-- Default test -->
  </suite> <!-- Default suite -->
</testng-results>
